<?xml version="1.0" encoding="UTF-8"?>
<!-- Generated by org.testng.reporters.JUnitXMLReporter -->
<testsuite ignored="14" hostname="DESKTOP-HCMDDC7" failures="0" tests="13" name="Test" time="344.948" errors="0" timestamp="2023-09-24T23:21:07 BDT">
  <testcase classname="TestPageCases.HomePage" name="LinkToHome" time="11.161"/>
  <testcase classname="TestPageCases.SignUp" name="SignUpV" time="47.405"/>
  <testcase classname="TestPageCases.InvalidLoginInput" name="invalidInputresponse" time="26.504"/>
  <testcase classname="TestPageCases.ValidLoginInput" name="validLoginInput" time="28.726"/>
  <testcase classname="TestPageCases.VerifySearchProduct" name="SearchProductVisible" time="35.224"/>
  <testcase classname="TestPageCases.VerifyNegativeCartProductDetails" name="quantityToProductdetails" time="40.411"/>
  <testcase classname="TestPageCases.VerifyNegativeCartProductDetails" name="QuantityAddToSameProduct" time="18.36"/>
  <testcase classname="TestPageCases.VerifyProceedToCheckoutButtonAndAddressDetails" name="LoginToShoppingCart" time="77.745"/>
  <testcase classname="TestPageCases.VerifyProceedToCheckoutButtonAndAddressDetails" name="VerifyProcedTocheckout" time="6.411"/>
  <testcase classname="TestPageCases.VerifyProceedToCheckoutButtonAndAddressDetails" name="AdressVerificationAndPlaceorder" time="6.196"/>
  <testcase classname="TestPageCases.VerifyProceedToCheckoutButtonAndAddressDetails" name="PaymentToConfirmOrderAndDownloadInvoice" time="6.934"/>
  <testcase classname="TestPageCases.VerifyProceedToCheckoutButtonAndAddressDetails" name="InvoiceVerification" time="9.448"/>
  <testcase classname="TestPageCases.BonusTask" name="MatchProductWithSearch" time="30.101"/>
  <testcase classname="AutomationBrowser.BrowserSetup" name="@AfterSuite quitBrowser" time="0.0">
    <ignored/>
  </testcase> <!-- @AfterSuite quitBrowser -->
  <testcase classname="AutomationBrowser.BrowserSetup" name="@AfterSuite quitBrowser" time="0.0">
    <ignored/>
  </testcase> <!-- @AfterSuite quitBrowser -->
  <testcase classname="AutomationBrowser.BrowserSetup" name="@BeforeSuite setBrowser" time="0.0">
    <ignored/>
  </testcase> <!-- @BeforeSuite setBrowser -->
  <testcase classname="AutomationBrowser.BrowserSetup" name="@BeforeSuite setBrowser" time="0.0">
    <ignored/>
  </testcase> <!-- @BeforeSuite setBrowser -->
  <testcase classname="AutomationBrowser.BrowserSetup" name="@AfterSuite quitBrowser" time="0.0">
    <ignored/>
  </testcase> <!-- @AfterSuite quitBrowser -->
  <testcase classname="AutomationBrowser.BrowserSetup" name="@BeforeSuite setBrowser" time="0.0">
    <ignored/>
  </testcase> <!-- @BeforeSuite setBrowser -->
  <testcase classname="AutomationBrowser.BrowserSetup" name="@BeforeSuite setBrowser" time="0.0">
    <ignored/>
  </testcase> <!-- @BeforeSuite setBrowser -->
  <testcase classname="AutomationBrowser.BrowserSetup" name="@AfterSuite quitBrowser" time="0.0">
    <ignored/>
  </testcase> <!-- @AfterSuite quitBrowser -->
  <testcase classname="AutomationBrowser.BrowserSetup" name="@AfterSuite quitBrowser" time="0.0">
    <ignored/>
  </testcase> <!-- @AfterSuite quitBrowser -->
  <testcase classname="AutomationBrowser.BrowserSetup" name="@AfterSuite quitBrowser" time="0.0">
    <ignored/>
  </testcase> <!-- @AfterSuite quitBrowser -->
  <testcase classname="AutomationBrowser.BrowserSetup" name="@AfterSuite quitBrowser" time="0.0">
    <ignored/>
  </testcase> <!-- @AfterSuite quitBrowser -->
  <testcase classname="AutomationBrowser.BrowserSetup" name="@BeforeSuite setBrowser" time="0.0">
    <ignored/>
  </testcase> <!-- @BeforeSuite setBrowser -->
  <testcase classname="AutomationBrowser.BrowserSetup" name="@BeforeSuite setBrowser" time="0.0">
    <ignored/>
  </testcase> <!-- @BeforeSuite setBrowser -->
  <testcase classname="AutomationBrowser.BrowserSetup" name="@BeforeSuite setBrowser" time="0.0">
    <ignored/>
  </testcase> <!-- @BeforeSuite setBrowser -->
</testsuite> <!-- Test -->
