<?xml version="1.0" encoding="UTF-8"?>
<testng-results ignored="14" total="27" passed="13" failed="0" skipped="0">
  <reporter-output>
  </reporter-output>
  <suite started-at="2023-09-24T23:15:22 BDT" name="Suite" finished-at="2023-09-24T23:21:07 BDT" duration-ms="344948">
    <groups>
    </groups>
    <test started-at="2023-09-24T23:15:22 BDT" name="Test" finished-at="2023-09-24T23:21:07 BDT" duration-ms="344948">
      <class name="TestPageCases.VerifySearchProduct">
        <test-method signature="SearchProductVisible()[pri:0, instance:TestPageCases.VerifySearchProduct@5b7a7f33]" started-at="2023-09-24T23:17:16 BDT" name="SearchProductVisible" description="Scenario 7: Verifying Search Product Visibility" finished-at="2023-09-24T23:17:51 BDT" duration-ms="35224" status="PASS">
          <reporter-output>
          </reporter-output>
        </test-method> <!-- SearchProductVisible -->
      </class> <!-- TestPageCases.VerifySearchProduct -->
      <class name="TestPageCases.InvalidLoginInput">
        <test-method signature="invalidInputresponse()[pri:0, instance:TestPageCases.InvalidLoginInput@65f8f5ae]" started-at="2023-09-24T23:16:21 BDT" name="invalidInputresponse" description="Login User with invalid email and Invalid password. Verifying the warning/error message." finished-at="2023-09-24T23:16:47 BDT" duration-ms="26504" status="PASS">
          <reporter-output>
          </reporter-output>
        </test-method> <!-- invalidInputresponse -->
      </class> <!-- TestPageCases.InvalidLoginInput -->
      <class name="TestPageCases.BonusTask">
        <test-method signature="MatchProductWithSearch()[pri:0, instance:TestPageCases.BonusTask@68c9d179]" started-at="2023-09-24T23:20:37 BDT" name="MatchProductWithSearch" description="Bonus Task: Verifying and match Blue Top Women&#039;s products from the menu bar and search bar." finished-at="2023-09-24T23:21:07 BDT" duration-ms="30101" status="PASS">
          <reporter-output>
          </reporter-output>
        </test-method> <!-- MatchProductWithSearch -->
      </class> <!-- TestPageCases.BonusTask -->
      <class name="TestPageCases.ValidLoginInput">
        <test-method signature="validLoginInput()[pri:0, instance:TestPageCases.ValidLoginInput@431cd9b2]" started-at="2023-09-24T23:16:47 BDT" name="validLoginInput" description="Scenario 6: Login User with the correct email and password. Verifying All featured product are visible" finished-at="2023-09-24T23:17:16 BDT" duration-ms="28726" status="PASS">
          <reporter-output>
          </reporter-output>
        </test-method> <!-- validLoginInput -->
      </class> <!-- TestPageCases.ValidLoginInput -->
      <class name="TestPageCases.VerifyProceedToCheckoutButtonAndAddressDetails">
        <test-method signature="LoginToShoppingCart()[pri:0, instance:TestPageCases.VerifyProceedToCheckoutButtonAndAddressDetails@4b8d604b]" started-at="2023-09-24T23:18:50 BDT" name="LoginToShoppingCart" description="Login To cart and replicating scenario 7,8,9,10,11,12" finished-at="2023-09-24T23:20:08 BDT" duration-ms="77745" status="PASS">
          <reporter-output>
          </reporter-output>
        </test-method> <!-- LoginToShoppingCart -->
        <test-method signature="VerifyProcedTocheckout()[pri:1, instance:TestPageCases.VerifyProceedToCheckoutButtonAndAddressDetails@4b8d604b]" started-at="2023-09-24T23:20:08 BDT" name="VerifyProcedTocheckout" description="Scenario 13: Verify Proceed to Checkout Button is not disabled and click on the button" finished-at="2023-09-24T23:20:14 BDT" duration-ms="6411" status="PASS">
          <reporter-output>
          </reporter-output>
        </test-method> <!-- VerifyProcedTocheckout -->
        <test-method signature="AdressVerificationAndPlaceorder()[pri:2, instance:TestPageCases.VerifyProceedToCheckoutButtonAndAddressDetails@4b8d604b]" started-at="2023-09-24T23:20:14 BDT" name="AdressVerificationAndPlaceorder" description="Scenario 14: Verifying the details of DELIVERY ADDRESS and BILLING ADDRESS are the same." finished-at="2023-09-24T23:20:20 BDT" duration-ms="6196" status="PASS">
          <reporter-output>
          </reporter-output>
        </test-method> <!-- AdressVerificationAndPlaceorder -->
        <test-method signature="PaymentToConfirmOrderAndDownloadInvoice()[pri:3, instance:TestPageCases.VerifyProceedToCheckoutButtonAndAddressDetails@4b8d604b]" started-at="2023-09-24T23:20:21 BDT" name="PaymentToConfirmOrderAndDownloadInvoice" description="Scenario 15: Placing an Order and filling up Payment details. You can put dummy card information." finished-at="2023-09-24T23:20:27 BDT" duration-ms="6934" status="PASS">
          <reporter-output>
          </reporter-output>
        </test-method> <!-- PaymentToConfirmOrderAndDownloadInvoice -->
        <test-method signature="InvoiceVerification()[pri:4, instance:TestPageCases.VerifyProceedToCheckoutButtonAndAddressDetails@4b8d604b]" started-at="2023-09-24T23:20:27 BDT" name="InvoiceVerification" description="Scenario 16,17 and 18: Downloading Invoice , check Download text and loging out" finished-at="2023-09-24T23:20:37 BDT" duration-ms="9448" status="PASS">
          <reporter-output>
          </reporter-output>
        </test-method> <!-- InvoiceVerification -->
      </class> <!-- TestPageCases.VerifyProceedToCheckoutButtonAndAddressDetails -->
      <class name="TestPageCases.SignUp">
        <test-method signature="SignUpV()[pri:0, instance:TestPageCases.SignUp@26abb146]" started-at="2023-09-24T23:15:33 BDT" name="SignUpV" description="Scenario 3 &amp; 4 SignUp Validation and logout" finished-at="2023-09-24T23:16:21 BDT" duration-ms="47405" status="PASS">
          <reporter-output>
          </reporter-output>
        </test-method> <!-- SignUpV -->
      </class> <!-- TestPageCases.SignUp -->
      <class name="TestPageCases.VerifyNegativeCartProductDetails">
        <test-method signature="quantityToProductdetails()[pri:0, instance:TestPageCases.VerifyNegativeCartProductDetails@5c7933ad]" started-at="2023-09-24T23:17:51 BDT" name="quantityToProductdetails" description="Scenario 8,9,10: Search product, Add quantity of that product negative(-2), Verifying Price, negative Quantity and Negative Total. " finished-at="2023-09-24T23:18:32 BDT" duration-ms="40411" status="PASS">
          <reporter-output>
          </reporter-output>
        </test-method> <!-- quantityToProductdetails -->
        <test-method signature="QuantityAddToSameProduct()[pri:1, instance:TestPageCases.VerifyNegativeCartProductDetails@5c7933ad]" started-at="2023-09-24T23:18:32 BDT" name="QuantityAddToSameProduct" description="scenario 11,12 : Verifying after negation; add a quantity of 10 for the product, Verifying total quantity,price" finished-at="2023-09-24T23:18:50 BDT" duration-ms="18360" status="PASS">
          <reporter-output>
          </reporter-output>
        </test-method> <!-- QuantityAddToSameProduct -->
      </class> <!-- TestPageCases.VerifyNegativeCartProductDetails -->
      <class name="TestPageCases.HomePage">
        <test-method is-config="true" signature="setBrowser()[pri:0, instance:TestPageCases.HomePage@15a34df2]" started-at="2023-09-24T23:15:11 BDT" name="setBrowser" finished-at="2023-09-24T23:15:22 BDT" duration-ms="11103" status="PASS">
          <reporter-output>
          </reporter-output>
        </test-method> <!-- setBrowser -->
        <test-method signature="LinkToHome()[pri:0, instance:TestPageCases.HomePage@15a34df2]" started-at="2023-09-24T23:15:22 BDT" name="LinkToHome" description="Scenario 1 &amp; 2 Home page visibility test" finished-at="2023-09-24T23:15:33 BDT" duration-ms="11161" status="PASS">
          <reporter-output>
          </reporter-output>
        </test-method> <!-- LinkToHome -->
        <test-method is-config="true" signature="quitBrowser()[pri:0, instance:TestPageCases.HomePage@15a34df2]" started-at="2023-09-24T23:21:07 BDT" name="quitBrowser" finished-at="2023-09-24T23:21:10 BDT" duration-ms="2338" status="PASS">
          <reporter-output>
          </reporter-output>
        </test-method> <!-- quitBrowser -->
      </class> <!-- TestPageCases.HomePage -->
    </test> <!-- Test -->
  </suite> <!-- Suite -->
</testng-results>
